<?xml version="1.0" encoding="UTF-8"?>
<!-- Generated by org.testng.reporters.JUnitXMLReporter -->
<testsuite hostname="HDU82504" name="Chrome 70 - Windows" tests="7" failures="0" timestamp="4 Jan 2022 14:09:30 GMT" time="385.983" errors="0">
  <testcase name="CompraDebitoAutomaticoVeja" time="77.401" classname="cenarios._003CompraDebitoAutomaticoVeja"/>
  <testcase name="CompraBoletoBancarioVeja" time="60.195" classname="cenarios._004CompraBoletoBancarioVeja"/>
  <testcase name="LoginOrgBlockFechadoWEB" time="15.383" classname="cenarios._005LoginOrgBlockFechadoWEB"/>
  <testcase name="CompraDebitoAutomaticoQR" time="64.211" classname="cenarios._006CompraDebitoAutomaticoQR"/>
  <testcase name="CompraBoletoBancarioQR" time="56.213" classname="cenarios._007CompraBoletoBancarioQR"/>
  <testcase name="TesteAssineAbrilDebito" time="37.303" classname="cenarios._008TesteAssineAbrilDebito"/>
  <testcase name="TesteAssineAbrilBoleto" time="32.191" classname="cenarios._009TesteAssineAbrilBoleto"/>
</testsuite> <!-- Chrome 70 - Windows -->
