<?xml version="1.0" encoding="UTF-8"?>
<!-- Generated by org.testng.reporters.JUnitXMLReporter -->
<testsuite hostname="HDU82504" name="Chrome 54 - Windows" tests="2" failures="0" timestamp="11 Jan 2022 15:40:31 GMT" time="84.447" errors="0">
  <testcase name="TesteSaudeDigitalChekout" time="36.966" classname="cenarios._010TesteSaudeDigitalChekout"/>
  <testcase name="TesteSaudeDigitalChekout2" time="36.89" classname="cenarios._013TesteSaudeDigitalChekout2"/>
</testsuite> <!-- Chrome 54 - Windows -->
