# JRE version: Java(TM) SE Runtime Environment (8.0_251-b08) (build 1.8.0_251-b08)
# Java VM: Java HotSpot(TM) 64-Bit Server VM (25.251-b08 mixed mode windows-amd64 compressed oops)
Heap:
 PSYoungGen      total 413696K, used 190464K [0x00000000d7180000, 0x00000000fe400000, 0x0000000100000000)
  eden space 190464K, 100% used [0x00000000d7180000,0x00000000e2b80000,0x00000000e2b80000)
  from space 223232K, 0% used [0x00000000f0580000,0x00000000f0580000,0x00000000fdf80000)
  to   space 223232K, 0% used [0x00000000e2b80000,0x00000000e2b80000,0x00000000f0580000)
 ParOldGen       total 1340928K, used 1340927K [0x0000000085400000, 0x00000000d7180000, 0x00000000d7180000)
  object space 1340928K, 99% used [0x0000000085400000,0x00000000d717ffe8,0x00000000d7180000)
 Metaspace       used 27089K, capacity 27452K, committed 27776K, reserved 1073152K
  class space    used 3228K, capacity 3366K, committed 3456K, reserved 1048576K
GC Heap History (10 events):
Event: 1604.088 GC heap after
Heap after GC invocations=13535 (full 13445):
 PSYoungGen      total 413696K, used 190464K [0x00000000d7180000, 0x00000000fe400000, 0x0000000100000000)
  eden space 190464K, 100% used [0x00000000d7180000,0x00000000e2b80000,0x00000000e2b80000)
  from space 223232K, 0% used [0x00000000f0580000,0x00000000f0580000,0x00000000fdf80000)
  to   space 223232K, 0% used [0x00000000e2b80000,0x00000000e2b80000,0x00000000f0580000)
 ParOldGen       total 1340928K, used 1340927K [0x0000000085400000, 0x00000000d7180000, 0x00000000d7180000)
  object space 1340928K, 99% used [0x0000000085400000,0x00000000d717ffe8,0x00000000d7180000)
 Metaspace       used 27089K, capacity 27452K, committed 27776K, reserved 1073152K
  class space    used 3228K, capacity 3366K, committed 3456K, reserved 1048576K
}
Event: 1604.088 GC heap before
{Heap before GC invocations=13536 (full 13446):
 PSYoungGen      total 413696K, used 190464K [0x00000000d7180000, 0x00000000fe400000, 0x0000000100000000)
  eden space 190464K, 100% used [0x00000000d7180000,0x00000000e2b80000,0x00000000e2b80000)
  from space 223232K, 0% used [0x00000000f0580000,0x00000000f0580000,0x00000000fdf80000)
  to   space 223232K, 0% used [0x00000000e2b80000,0x00000000e2b80000,0x00000000f0580000)
 ParOldGen       total 1340928K, used 1340927K [0x0000000085400000, 0x00000000d7180000, 0x00000000d7180000)
  object space 1340928K, 99% used [0x0000000085400000,0x00000000d717ffe8,0x00000000d7180000)
 Metaspace       used 27089K, capacity 27452K, committed 27776K, reserved 1073152K
  class space    used 3228K, capacity 3366K, committed 3456K, reserved 1048576K
Event: 1604.188 GC heap after
Heap after GC invocations=13536 (full 13446):
 PSYoungGen      total 413696K, used 190464K [0x00000000d7180000, 0x00000000fe400000, 0x0000000100000000)
  eden space 190464K, 100% used [0x00000000d7180000,0x00000000e2b80000,0x00000000e2b80000)
  from space 223232K, 0% used [0x00000000f0580000,0x00000000f0580000,0x00000000fdf80000)
  to   space 223232K, 0% used [0x00000000e2b80000,0x00000000e2b80000,0x00000000f0580000)
 ParOldGen       total 1340928K, used 1340927K [0x0000000085400000, 0x00000000d7180000, 0x00000000d7180000)
  object space 1340928K, 99% used [0x0000000085400000,0x00000000d717ffe8,0x00000000d7180000)
 Metaspace       used 27089K, capacity 27452K, committed 27776K, reserved 1073152K
  class space    used 3228K, capacity 3366K, committed 3456K, reserved 1048576K
}
Event: 1604.188 GC heap before
{Heap before GC invocations=13537 (full 13447):
 PSYoungGen      total 413696K, used 190464K [0x00000000d7180000, 0x00000000fe400000, 0x0000000100000000)
  eden space 190464K, 100% used [0x00000000d7180000,0x00000000e2b80000,0x00000000e2b80000)
  from space 223232K, 0% used [0x00000000f0580000,0x00000000f0580000,0x00000000fdf80000)
  to   space 223232K, 0% used [0x00000000e2b80000,0x00000000e2b80000,0x00000000f0580000)
 ParOldGen       total 1340928K, used 1340927K [0x0000000085400000, 0x00000000d7180000, 0x00000000d7180000)
  object space 1340928K, 99% used [0x0000000085400000,0x00000000d717ffe8,0x00000000d7180000)
 Metaspace       used 27089K, capacity 27452K, committed 27776K, reserved 1073152K
  class space    used 3228K, capacity 3366K, committed 3456K, reserved 1048576K
Event: 1604.298 GC heap after
Heap after GC invocations=13537 (full 13447):
 PSYoungGen      total 413696K, used 190464K [0x00000000d7180000, 0x00000000fe400000, 0x0000000100000000)
  eden space 190464K, 100% used [0x00000000d7180000,0x00000000e2b80000,0x00000000e2b80000)
  from space 223232K, 0% used [0x00000000f0580000,0x00000000f0580000,0x00000000fdf80000)
  to   space 223232K, 0% used [0x00000000e2b80000,0x00000000e2b80000,0x00000000f0580000)
 ParOldGen       total 1340928K, used 1340927K [0x0000000085400000, 0x00000000d7180000, 0x00000000d7180000)
  object space 1340928K, 99% used [0x0000000085400000,0x00000000d717ffc8,0x00000000d7180000)
 Metaspace       used 27089K, capacity 27452K, committed 27776K, reserved 1073152K
  class space    used 3228K, capacity 3366K, committed 3456K, reserved 1048576K
}
Event: 1604.298 GC heap before
{Heap before GC invocations=13538 (full 13448):
 PSYoungGen      total 413696K, used 190464K [0x00000000d7180000, 0x00000000fe400000, 0x0000000100000000)
  eden space 190464K, 100% used [0x00000000d7180000,0x00000000e2b80000,0x00000000e2b80000)
  from space 223232K, 0% used [0x00000000f0580000,0x00000000f0580000,0x00000000fdf80000)
  to   space 223232K, 0% used [0x00000000e2b80000,0x00000000e2b80000,0x00000000f0580000)
 ParOldGen       total 1340928K, used 1340927K [0x0000000085400000, 0x00000000d7180000, 0x00000000d7180000)
  object space 1340928K, 99% used [0x0000000085400000,0x00000000d717ffe8,0x00000000d7180000)
 Metaspace       used 27089K, capacity 27452K, committed 27776K, reserved 1073152K
  class space    used 3228K, capacity 3366K, committed 3456K, reserved 1048576K
Event: 1604.386 GC heap after
Heap after GC invocations=13538 (full 13448):
 PSYoungGen      total 413696K, used 190464K [0x00000000d7180000, 0x00000000fe400000, 0x0000000100000000)
  eden space 190464K, 100% used [0x00000000d7180000,0x00000000e2b80000,0x00000000e2b80000)
  from space 223232K, 0% used [0x00000000f0580000,0x00000000f0580000,0x00000000fdf80000)
  to   space 223232K, 0% used [0x00000000e2b80000,0x00000000e2b80000,0x00000000f0580000)
 ParOldGen       total 1340928K, used 1340927K [0x0000000085400000, 0x00000000d7180000, 0x00000000d7180000)
  object space 1340928K, 99% used [0x0000000085400000,0x00000000d717ffe8,0x00000000d7180000)
 Metaspace       used 27089K, capacity 27452K, committed 27776K, reserved 1073152K
  class space    used 3228K, capacity 3366K, committed 3456K, reserved 1048576K
}
Event: 1604.386 GC heap before
{Heap before GC invocations=13539 (full 13449):
 PSYoungGen      total 413696K, used 190464K [0x00000000d7180000, 0x00000000fe400000, 0x0000000100000000)
  eden space 190464K, 100% used [0x00000000d7180000,0x00000000e2b80000,0x00000000e2b80000)
  from space 223232K, 0% used [0x00000000f0580000,0x00000000f0580000,0x00000000fdf80000)
  to   space 223232K, 0% used [0x00000000e2b80000,0x00000000e2b80000,0x00000000f0580000)
 ParOldGen       total 1340928K, used 1340927K [0x0000000085400000, 0x00000000d7180000, 0x00000000d7180000)
  object space 1340928K, 99% used [0x0000000085400000,0x00000000d717ffe8,0x00000000d7180000)
 Metaspace       used 27089K, capacity 27452K, committed 27776K, reserved 1073152K
  class space    used 3228K, capacity 3366K, committed 3456K, reserved 1048576K
Event: 1604.491 GC heap after
Heap after GC invocations=13539 (full 13449):
 PSYoungGen      total 413696K, used 190464K [0x00000000d7180000, 0x00000000fe400000, 0x0000000100000000)
  eden space 190464K, 100% used [0x00000000d7180000,0x00000000e2b80000,0x00000000e2b80000)
  from space 223232K, 0% used [0x00000000f0580000,0x00000000f0580000,0x00000000fdf80000)
  to   space 223232K, 0% used [0x00000000e2b80000,0x00000000e2b80000,0x00000000f0580000)
 ParOldGen       total 1340928K, used 1340927K [0x0000000085400000, 0x00000000d7180000, 0x00000000d7180000)
  object space 1340928K, 99% used [0x0000000085400000,0x00000000d717ffe8,0x00000000d7180000)
 Metaspace       used 27089K, capacity 27452K, committed 27776K, reserved 1073152K
  class space    used 3228K, capacity 3366K, committed 3456K, reserved 1048576K
}
Event: 1604.492 GC heap before
{Heap before GC invocations=13540 (full 13450):
 PSYoungGen      total 413696K, used 190464K [0x00000000d7180000, 0x00000000fe400000, 0x0000000100000000)
  eden space 190464K, 100% used [0x00000000d7180000,0x00000000e2b80000,0x00000000e2b80000)
  from space 223232K, 0% used [0x00000000f0580000,0x00000000f0580000,0x00000000fdf80000)
  to   space 223232K, 0% used [0x00000000e2b80000,0x00000000e2b80000,0x00000000f0580000)
 ParOldGen       total 1340928K, used 1340927K [0x0000000085400000, 0x00000000d7180000, 0x00000000d7180000)
  object space 1340928K, 99% used [0x0000000085400000,0x00000000d717ffe8,0x00000000d7180000)
 Metaspace       used 27089K, capacity 27452K, committed 27776K, reserved 1073152K
  class space    used 3228K, capacity 3366K, committed 3456K, reserved 1048576K

