# JRE version: Java(TM) SE Runtime Environment (8.0_251-b08) (build 1.8.0_251-b08)
# Java VM: Java HotSpot(TM) 64-Bit Server VM (25.251-b08 mixed mode windows-amd64 compressed oops)
Heap:
 PSYoungGen      total 218112K, used 18353K [0x00000000d7180000, 0x00000000e5080000, 0x0000000100000000)
  eden space 210944K, 5% used [0x00000000d7180000,0x00000000d7d6e240,0x00000000e3f80000)
  from space 7168K, 85% used [0x00000000e3f80000,0x00000000e457e410,0x00000000e4680000)
  to   space 7168K, 0% used [0x00000000e4680000,0x00000000e4680000,0x00000000e4d80000)
 ParOldGen       total 157184K, used 127642K [0x0000000085400000, 0x000000008ed80000, 0x00000000d7180000)
  object space 157184K, 81% used [0x0000000085400000,0x000000008d0a6828,0x000000008ed80000)
 Metaspace       used 21965K, capacity 22354K, committed 22656K, reserved 1069056K
  class space    used 2780K, capacity 2927K, committed 2944K, reserved 1048576K
GC Heap History (10 events):
Event: 102.258 GC heap before
{Heap before GC invocations=37 (full 4):
 PSYoungGen      total 167936K, used 166053K [0x00000000d7180000, 0x00000000e1c80000, 0x0000000100000000)
  eden space 160768K, 99% used [0x00000000d7180000,0x00000000e0dcb140,0x00000000e0e80000)
  from space 7168K, 83% used [0x00000000e1580000,0x00000000e1b5e410,0x00000000e1c80000)
  to   space 7168K, 0% used [0x00000000e0e80000,0x00000000e0e80000,0x00000000e1580000)
 ParOldGen       total 157184K, used 97428K [0x0000000085400000, 0x000000008ed80000, 0x00000000d7180000)
  object space 157184K, 61% used [0x0000000085400000,0x000000008b3253c8,0x000000008ed80000)
 Metaspace       used 21873K, capacity 22278K, committed 22656K, reserved 1069056K
  class space    used 2758K, capacity 2879K, committed 2944K, reserved 1048576K
Event: 105.849 GC heap after
Heap after GC invocations=37 (full 4):
 PSYoungGen      total 167936K, used 6265K [0x00000000d7180000, 0x00000000e2e00000, 0x0000000100000000)
  eden space 160768K, 0% used [0x00000000d7180000,0x00000000d7180000,0x00000000e0e80000)
  from space 7168K, 87% used [0x00000000e0e80000,0x00000000e149e410,0x00000000e1580000)
  to   space 7168K, 0% used [0x00000000e2700000,0x00000000e2700000,0x00000000e2e00000)
 ParOldGen       total 157184K, used 99476K [0x0000000085400000, 0x000000008ed80000, 0x00000000d7180000)
  object space 157184K, 63% used [0x0000000085400000,0x000000008b5253d8,0x000000008ed80000)
 Metaspace       used 21873K, capacity 22278K, committed 22656K, reserved 1069056K
  class space    used 2758K, capacity 2879K, committed 2944K, reserved 1048576K
}
Event: 125.363 GC heap before
{Heap before GC invocations=38 (full 4):
 PSYoungGen      total 167936K, used 165631K [0x00000000d7180000, 0x00000000e2e00000, 0x0000000100000000)
  eden space 160768K, 99% used [0x00000000d7180000,0x00000000e0d21b08,0x00000000e0e80000)
  from space 7168K, 87% used [0x00000000e0e80000,0x00000000e149e410,0x00000000e1580000)
  to   space 7168K, 0% used [0x00000000e2700000,0x00000000e2700000,0x00000000e2e00000)
 ParOldGen       total 157184K, used 99476K [0x0000000085400000, 0x000000008ed80000, 0x00000000d7180000)
  object space 157184K, 63% used [0x0000000085400000,0x000000008b5253d8,0x000000008ed80000)
 Metaspace       used 21888K, capacity 22278K, committed 22656K, reserved 1069056K
  class space    used 2760K, capacity 2879K, committed 2944K, reserved 1048576K
Event: 129.494 GC heap after
Heap after GC invocations=38 (full 4):
 PSYoungGen      total 185856K, used 6265K [0x00000000d7180000, 0x00000000e3580000, 0x0000000100000000)
  eden space 178688K, 0% used [0x00000000d7180000,0x00000000d7180000,0x00000000e2000000)
  from space 7168K, 87% used [0x00000000e2700000,0x00000000e2d1e410,0x00000000e2e00000)
  to   space 7168K, 0% used [0x00000000e2000000,0x00000000e2000000,0x00000000e2700000)
 ParOldGen       total 157184K, used 110734K [0x0000000085400000, 0x000000008ed80000, 0x00000000d7180000)
  object space 157184K, 70% used [0x0000000085400000,0x000000008c023bf8,0x000000008ed80000)
 Metaspace       used 21888K, capacity 22278K, committed 22656K, reserved 1069056K
  class space    used 2760K, capacity 2879K, committed 2944K, reserved 1048576K
}
Event: 132.424 GC heap before
{Heap before GC invocations=39 (full 4):
 PSYoungGen      total 185856K, used 179568K [0x00000000d7180000, 0x00000000e3580000, 0x0000000100000000)
  eden space 178688K, 96% used [0x00000000d7180000,0x00000000e1abdc70,0x00000000e2000000)
  from space 7168K, 87% used [0x00000000e2700000,0x00000000e2d1e410,0x00000000e2e00000)
  to   space 7168K, 0% used [0x00000000e2000000,0x00000000e2000000,0x00000000e2700000)
 ParOldGen       total 157184K, used 110734K [0x0000000085400000, 0x000000008ed80000, 0x00000000d7180000)
  object space 157184K, 70% used [0x0000000085400000,0x000000008c023bf8,0x000000008ed80000)
 Metaspace       used 21890K, capacity 22278K, committed 22656K, reserved 1069056K
  class space    used 2760K, capacity 2879K, committed 2944K, reserved 1048576K
Event: 133.150 GC heap after
Heap after GC invocations=39 (full 4):
 PSYoungGen      total 185856K, used 6105K [0x00000000d7180000, 0x00000000e4d80000, 0x0000000100000000)
  eden space 178688K, 0% used [0x00000000d7180000,0x00000000d7180000,0x00000000e2000000)
  from space 7168K, 85% used [0x00000000e2000000,0x00000000e25f6410,0x00000000e2700000)
  to   space 7168K, 0% used [0x00000000e4680000,0x00000000e4680000,0x00000000e4d80000)
 ParOldGen       total 157184K, used 121985K [0x0000000085400000, 0x000000008ed80000, 0x00000000d7180000)
  object space 157184K, 77% used [0x0000000085400000,0x000000008cb20418,0x000000008ed80000)
 Metaspace       used 21890K, capacity 22278K, committed 22656K, reserved 1069056K
  class space    used 2760K, capacity 2879K, committed 2944K, reserved 1048576K
}
Event: 137.056 GC heap before
{Heap before GC invocations=40 (full 4):
 PSYoungGen      total 185856K, used 180536K [0x00000000d7180000, 0x00000000e4d80000, 0x0000000100000000)
  eden space 178688K, 97% used [0x00000000d7180000,0x00000000e1bd7de0,0x00000000e2000000)
  from space 7168K, 85% used [0x00000000e2000000,0x00000000e25f6410,0x00000000e2700000)
  to   space 7168K, 0% used [0x00000000e4680000,0x00000000e4680000,0x00000000e4d80000)
 ParOldGen       total 157184K, used 121985K [0x0000000085400000, 0x000000008ed80000, 0x00000000d7180000)
  object space 157184K, 77% used [0x0000000085400000,0x000000008cb20418,0x000000008ed80000)
 Metaspace       used 21890K, capacity 22278K, committed 22656K, reserved 1069056K
  class space    used 2760K, capacity 2879K, committed 2944K, reserved 1048576K
Event: 138.604 GC heap after
Heap after GC invocations=40 (full 4):
 PSYoungGen      total 218112K, used 6073K [0x00000000d7180000, 0x00000000e5080000, 0x0000000100000000)
  eden space 210944K, 0% used [0x00000000d7180000,0x00000000d7180000,0x00000000e3f80000)
  from space 7168K, 84% used [0x00000000e4680000,0x00000000e4c6e410,0x00000000e4d80000)
  to   space 7168K, 0% used [0x00000000e3f80000,0x00000000e3f80000,0x00000000e4680000)
 ParOldGen       total 157184K, used 121993K [0x0000000085400000, 0x000000008ed80000, 0x00000000d7180000)
  object space 157184K, 77% used [0x0000000085400000,0x000000008cb22418,0x000000008ed80000)
 Metaspace       used 21890K, capacity 22278K, committed 22656K, reserved 1069056K
  class space    used 2760K, capacity 2879K, committed 2944K, reserved 1048576K
}
Event: 142.031 GC heap before
{Heap before GC invocations=41 (full 4):
 PSYoungGen      total 218112K, used 213248K [0x00000000d7180000, 0x00000000e5080000, 0x0000000100000000)
  eden space 210944K, 98% used [0x00000000d7180000,0x00000000e3bd1c50,0x00000000e3f80000)
  from space 7168K, 84% used [0x00000000e4680000,0x00000000e4c6e410,0x00000000e4d80000)
  to   space 7168K, 0% used [0x00000000e3f80000,0x00000000e3f80000,0x00000000e4680000)
 ParOldGen       total 157184K, used 121993K [0x0000000085400000, 0x000000008ed80000, 0x00000000d7180000)
  object space 157184K, 77% used [0x0000000085400000,0x000000008cb22418,0x000000008ed80000)
 Metaspace       used 21890K, capacity 22278K, committed 22656K, reserved 1069056K
  class space    used 2760K, capacity 2879K, committed 2944K, reserved 1048576K
Event: 142.443 GC heap after
Heap after GC invocations=41 (full 4):
 PSYoungGen      total 218112K, used 6137K [0x00000000d7180000, 0x00000000e5080000, 0x0000000100000000)
  eden space 210944K, 0% used [0x00000000d7180000,0x00000000d7180000,0x00000000e3f80000)
  from space 7168K, 85% used [0x00000000e3f80000,0x00000000e457e410,0x00000000e4680000)
  to   space 7168K, 0% used [0x00000000e4680000,0x00000000e4680000,0x00000000e4d80000)
 ParOldGen       total 157184K, used 127642K [0x0000000085400000, 0x000000008ed80000, 0x00000000d7180000)
  object space 157184K, 81% used [0x0000000085400000,0x000000008d0a6828,0x000000008ed80000)
 Metaspace       used 21890K, capacity 22278K, committed 22656K, reserved 1069056K
  class space    used 2760K, capacity 2879K, committed 2944K, reserved 1048576K
}

