<?xml version="1.0" encoding="UTF-8"?>
<!-- Generated by org.testng.reporters.JUnitXMLReporter -->
<testsuite hostname="HDU82504" name="Chrome 97 - Windows" tests="2" failures="1" timestamp="22 Apr 2022 12:28:51 GMT" time="22.925" errors="0">
  <testcase name="TodasMarcas" time="0.779" classname="API._001TodasMarcas">
    <failure type="java.lang.Exception">
      <![CDATA[java.lang.Exception
	at ftor_testng.ConfigureExecution.configurarExecucaoCasosTeste(ConfigureExecution.java:52)
	at API._001TodasMarcas.TodasMarcas(_001TodasMarcas.java:16)
... Removed 24 stack frames]]>
    </failure>
  </testcase> <!-- TodasMarcas -->
  <testcase name="EnviarEmail" time="3.768" classname="API._002EnviarEmail"/>
</testsuite> <!-- Chrome 97 - Windows -->
