<?xml version="1.0" encoding="UTF-8"?>
<!-- Generated by org.testng.reporters.JUnitXMLReporter -->
<testsuite hostname="HDU82504" name="exemplos_paralelo._002CalcularPrecoPrazoEntregaCartaSimples" tests="1" failures="1" timestamp="7 Jan 2022 22:37:30 GMT" time="6.582" errors="0">
  <testcase name="_002_carta_simples" time="5.436" classname="exemplos_paralelo._002CalcularPrecoPrazoEntregaCartaSimples">
    <failure type="java.lang.NoSuchMethodError" message="exemplos_paralelo._002CalcularPrecoPrazoEntregaCartaSimples.acessarURLCalculoPrecoPrazoEntregaCorreios(Lorg/openqa/selenium/WebDriver;)V">
      <![CDATA[java.lang.NoSuchMethodError: exemplos_paralelo._002CalcularPrecoPrazoEntregaCartaSimples.acessarURLCalculoPrecoPrazoEntregaCorreios(Lorg/openqa/selenium/WebDriver;)V
	at exemplos_paralelo._002CalcularPrecoPrazoEntregaCartaSimples._002_carta_simples(_002CalcularPrecoPrazoEntregaCartaSimples.java:17)
	at java.util.concurrent.ThreadPoolExecutor.runWorker(Unknown Source)
	at java.util.concurrent.ThreadPoolExecutor$Worker.run(Unknown Source)
	at java.lang.Thread.run(Unknown Source)
... Removed 10 stack frames]]>
    </failure>
  </testcase> <!-- _002_carta_simples -->
</testsuite> <!-- exemplos_paralelo._002CalcularPrecoPrazoEntregaCartaSimples -->
