<?xml version="1.0" encoding="UTF-8"?>
<!-- Generated by org.testng.reporters.JUnitXMLReporter -->
<testsuite hostname="HDU82504" name="exemplos_paralelo._001CalcularPrecoPrazoEntregaCartaRegistrada" tests="1" failures="1" timestamp="7 Jan 2022 22:37:30 GMT" time="6.575" errors="0">
  <testcase name="_001_carta_registrada" time="5.436" classname="exemplos_paralelo._001CalcularPrecoPrazoEntregaCartaRegistrada">
    <failure type="java.lang.NoSuchMethodError" message="exemplos_paralelo._001CalcularPrecoPrazoEntregaCartaRegistrada.acessarURLCalculoPrecoPrazoEntregaCorreios(Lorg/openqa/selenium/WebDriver;)V">
      <![CDATA[java.lang.NoSuchMethodError: exemplos_paralelo._001CalcularPrecoPrazoEntregaCartaRegistrada.acessarURLCalculoPrecoPrazoEntregaCorreios(Lorg/openqa/selenium/WebDriver;)V
	at exemplos_paralelo._001CalcularPrecoPrazoEntregaCartaRegistrada._001_carta_registrada(_001CalcularPrecoPrazoEntregaCartaRegistrada.java:17)
	at java.util.concurrent.ThreadPoolExecutor.runWorker(Unknown Source)
	at java.util.concurrent.ThreadPoolExecutor$Worker.run(Unknown Source)
	at java.lang.Thread.run(Unknown Source)
... Removed 10 stack frames]]>
    </failure>
  </testcase> <!-- _001_carta_registrada -->
</testsuite> <!-- exemplos_paralelo._001CalcularPrecoPrazoEntregaCartaRegistrada -->
