<?xml version="1.0" encoding="UTF-8"?>
<!-- Generated by org.testng.reporters.JUnitXMLReporter -->
<testsuite hostname="HDU82504" name="Chrome 97 - Windows" tests="11" failures="0" timestamp="14 Apr 2022 13:54:41 GMT" time="344.56" errors="0">
  <testcase name="APIVeja" time="25.842" classname="API._030APIVeja"/>
  <testcase name="APIQR" time="11.484" classname="API._031APIQR"/>
  <testcase name="APIVejaSP" time="8.516" classname="API._032APIVejaSP"/>
  <testcase name="APIVejaRio" time="7.42" classname="API._033APIVejaRio"/>
  <testcase name="APIVejaSaude" time="6.512" classname="API._034APIVejaSaude"/>
  <testcase name="APISuper" time="14.19" classname="API._035APISuper"/>
  <testcase name="APIVCSA" time="9.641" classname="API._036APIVCSA"/>
  <testcase name="APIVCRH" time="7.063" classname="API._037APIVCRH"/>
  <testcase name="APIGE" time="14.341" classname="API._038APIGE"/>
  <testcase name="Merging" time="0.881" classname="cenarios._040Merging"/>
  <testcase name="EnviarEmail" time="13.397" classname="cenarios._012EnviarEmail"/>
</testsuite> <!-- Chrome 97 - Windows -->
