<?xml version="1.0" encoding="UTF-8"?>
<testng-results skipped="0" failed="0" total="1" passed="1">
  <reporter-output>
  </reporter-output>
  <suite name="Default suite" duration-ms="34609" started-at="2022-05-12T11:55:55Z" finished-at="2022-05-12T11:56:29Z">
    <groups>
    </groups>
    <test name="Default test" duration-ms="34609" started-at="2022-05-12T11:55:55Z" finished-at="2022-05-12T11:56:29Z">
      <class name="API._003TodasMarcas">
        <test-method status="PASS" signature="setUp()[pri:0, instance:API._003TodasMarcas@337d0578]" name="setUp" is-config="true" duration-ms="16931" started-at="2022-05-12T08:55:55Z" finished-at="2022-05-12T08:56:12Z">
          <reporter-output>
          </reporter-output>
        </test-method> <!-- setUp -->
        <test-method status="PASS" signature="TodasMarcas()[pri:0, instance:API._003TodasMarcas@337d0578]" name="TodasMarcas" duration-ms="11608" started-at="2022-05-12T08:56:12Z" finished-at="2022-05-12T08:56:23Z">
          <reporter-output>
          </reporter-output>
        </test-method> <!-- TodasMarcas -->
        <test-method status="PASS" signature="tearDown()[pri:0, instance:API._003TodasMarcas@337d0578]" name="tearDown" is-config="true" duration-ms="6001" started-at="2022-05-12T08:56:23Z" finished-at="2022-05-12T08:56:29Z">
          <reporter-output>
          </reporter-output>
        </test-method> <!-- tearDown -->
      </class> <!-- API._003TodasMarcas -->
    </test> <!-- Default test -->
  </suite> <!-- Default suite -->
</testng-results>
